#-----------------------------------------------------------
# Vivado v2016.2 (64-bit)
# SW Build 1577090 on Thu Jun  2 16:32:35 MDT 2016
# IP Build 1577682 on Fri Jun  3 12:00:54 MDT 2016
# Start of session at: Thu Oct 11 13:33:48 2018
# Process ID: 2272
# Current directory: /home/wim/Documents/DDP/Project-DDP/hw_project
# Command line: vivado -mode batch -source tcl/build_project.tcl
# Log file: /home/wim/Documents/DDP/Project-DDP/hw_project/vivado.log
# Journal file: /home/wim/Documents/DDP/Project-DDP/hw_project/vivado.jou
#-----------------------------------------------------------
source tcl/build_project.tcl
# set script_dir [file dirname [info script]]
# set origin_dir "$script_dir/.."
# create_project project_hw $origin_dir/project_hw -part xc7z010clg400-1
ERROR: [Common 17-53] User Exception: Project already exists on disk, please use '-force' option to overwrite: 
     /home/wim/Documents/DDP/Project-DDP/hw_project/project_hw/project_hw.xpr
     /home/wim/Documents/DDP/Project-DDP/hw_project/project_hw/project_hw.srcs
     /home/wim/Documents/DDP/Project-DDP/hw_project/project_hw/project_hw.cache
     /home/wim/Documents/DDP/Project-DDP/hw_project/project_hw/project_hw.hw
INFO: [Common 17-206] Exiting Vivado at Thu Oct 11 13:33:54 2018...
