#-----------------------------------------------------------
# Vivado v2016.2 (64-bit)
# SW Build 1577090 on Thu Jun  2 16:32:35 MDT 2016
# IP Build 1577682 on Fri Jun  3 12:00:54 MDT 2016
# Start of session at: Wed Oct 17 14:14:41 2018
# Process ID: 8065
# Current directory: /users/start2017/r0634161/Desktop/DDP/Project-DDP/actual_project/hw_project
# Command line: vivado project_hw/project_hw.xpr -tempDir /tmp
# Log file: /users/start2017/r0634161/Desktop/DDP/Project-DDP/actual_project/hw_project/vivado.log
# Journal file: /users/start2017/r0634161/Desktop/DDP/Project-DDP/actual_project/hw_project/vivado.jou
#-----------------------------------------------------------
start_gui
open_project project_hw/project_hw.xpr
INFO: [Project 1-313] Project file moved from '/home/wim/Documents/DDP/Project-DDP/actual_project/hw_project/project_hw' since last save.
Scanning sources...
Finished scanning sources
WARNING: [filemgmt 56-2] IPUserFilesDir: Could not find the directory '/users/start2017/r0634161/Desktop/DDP/Project-DDP/actual_project/hw_project/project_hw/project_hw.ip_user_files', nor could it be found using path '/home/wim/Documents/DDP/Project-DDP/actual_project/hw_project/project_hw/project_hw.ip_user_files'.
INFO: [IP_Flow 19-234] Refreshing IP repositories
INFO: [IP_Flow 19-1700] Loaded user IP repository '/users/start2017/r0634161/Desktop/DDP/Project-DDP/actual_project/hw_project/project_ipcores'.
INFO: [IP_Flow 19-2207] Repository '/users/start2017/r0634161/Desktop/DDP/Project-DDP/actual_project/hw_project/project_ipcores' already exists; ignoring attempt to add it again.
INFO: [IP_Flow 19-1700] Loaded user IP repository '/users/start2017/r0634161/Desktop/DDP/Project-DDP/actual_project/hw_project/project_ipcores'.
INFO: [IP_Flow 19-2313] Loaded Vivado IP repository '/esat/micas-data/software/xilinx_vivado_2016.2/Vivado/2016.2/data/ip'.
WARNING: [BD 41-1661] One or more IPs have been locked in the design 'rsa_project.bd'. Please run report_ip_status for more details and recommendations on how to fix this issue.
List of locked IPs:
rsa_project_command_interface_0_0

open_project: Time (s): cpu = 00:00:09 ; elapsed = 00:00:06 . Memory (MB): peak = 5987.309 ; gain = 136.359 ; free physical = 11879 ; free virtual = 46545
update_compile_order -fileset sources_1
set_property top montgomery [get_filesets sim_1]
set_property top_lib xil_defaultlib [get_filesets sim_1]
set_property top tb_montgomery [get_filesets sim_1]
set_property top_lib xil_defaultlib [get_filesets sim_1]
update_compile_order -fileset sim_1
