#-----------------------------------------------------------
# Vivado v2016.2 (64-bit)
# SW Build 1577090 on Thu Jun  2 16:32:35 MDT 2016
# IP Build 1577682 on Fri Jun  3 12:00:54 MDT 2016
# Start of session at: Fri Oct 12 14:51:45 2018
# Process ID: 2424
# Current directory: /home/wim/Documents/DDP/Project-DDP/actual_project/hw_project
# Command line: vivado project_hw/project_hw.xpr -tempDir /tmp
# Log file: /home/wim/Documents/DDP/Project-DDP/actual_project/hw_project/vivado.log
# Journal file: /home/wim/Documents/DDP/Project-DDP/actual_project/hw_project/vivado.jou
#-----------------------------------------------------------
start_gui
open_project project_hw/project_hw.xpr
Scanning sources...
Finished scanning sources
INFO: [IP_Flow 19-234] Refreshing IP repositories
INFO: [IP_Flow 19-1700] Loaded user IP repository '/home/wim/Documents/DDP/Project-DDP/actual_project/hw_project/project_ipcores'.
INFO: [IP_Flow 19-2207] Repository '/home/wim/Documents/DDP/Project-DDP/actual_project/hw_project/project_ipcores' already exists; ignoring attempt to add it again.
INFO: [IP_Flow 19-1700] Loaded user IP repository '/home/wim/Documents/DDP/Project-DDP/actual_project/hw_project/project_ipcores'.
INFO: [IP_Flow 19-2313] Loaded Vivado IP repository '/opt/Xilinx/Vivado/2016.2/data/ip'.
update_compile_order -fileset sources_1
update_compile_order -fileset sim_1
exit
INFO: [Common 17-206] Exiting Vivado at Fri Oct 12 14:53:39 2018...
