Copyright 1986-2016 Xilinx, Inc. All Rights Reserved.
-------------------------------------------------------------------------------------------------
| Tool Version : Vivado v.2016.2 (lin64) Build 1577090 Thu Jun  2 16:32:35 MDT 2016
| Date         : Wed Nov  7 16:44:44 2018
| Host         : pc-klas2-6.esat.kuleuven.be running 64-bit CentOS Linux release 7.5.1804 (Core)
| Command      : report_control_sets -verbose -file hweval_montgomery_control_sets_placed.rpt
| Design       : hweval_montgomery
| Device       : xc7z010
-------------------------------------------------------------------------------------------------

Control Set Information

Table of Contents
-----------------
1. Summary
2. Flip-Flop Distribution
3. Detailed Control Set Information

1. Summary
----------

+----------------------------------------------------------+-------+
|                          Status                          | Count |
+----------------------------------------------------------+-------+
| Number of unique control sets                            |    12 |
| Unused register locations in slices containing registers |    41 |
+----------------------------------------------------------+-------+


2. Flip-Flop Distribution
-------------------------

+--------------+-----------------------+------------------------+-----------------+--------------+
| Clock Enable | Synchronous Set/Reset | Asynchronous Set/Reset | Total Registers | Total Slices |
+--------------+-----------------------+------------------------+-----------------+--------------+
| No           | No                    | No                     |               4 |            3 |
| No           | No                    | Yes                    |               0 |            0 |
| No           | Yes                   | No                     |              12 |            7 |
| Yes          | No                    | No                     |            1053 |          290 |
| Yes          | No                    | Yes                    |               0 |            0 |
| Yes          | Yes                   | No                     |            8746 |         2341 |
+--------------+-----------------------+------------------------+-----------------+--------------+


3. Detailed Control Set Information
-----------------------------------

+----------------+------------------------------------------+-------------------------------------------+------------------+----------------+
|  Clock Signal  |               Enable Signal              |              Set/Reset Signal             | Slice Load Count | Bel Load Count |
+----------------+------------------------------------------+-------------------------------------------+------------------+----------------+
|  clk_IBUF_BUFG |                                          |                                           |                3 |              4 |
|  clk_IBUF_BUFG |                                          | montgomery_instance/adder/input_enable    |                3 |              4 |
|  clk_IBUF_BUFG | montgomery_instance/adder/input_enable_0 | montgomery_instance/adder/a[1031]_i_1_n_0 |                2 |              5 |
|  clk_IBUF_BUFG |                                          | montgomery_instance/SR[0]                 |                4 |              8 |
|  clk_IBUF_BUFG | montgomery_instance/count_enable         | montgomery_instance/counter[9]_i_1_n_0    |                4 |             10 |
|  clk_IBUF_BUFG | montgomery_instance/b_select             | montgomery_instance/b3[1025]_i_1_n_0      |              248 |           1026 |
|  clk_IBUF_BUFG | montgomery_instance/m_select             | montgomery_instance/m3[1025]_i_1_n_0      |              297 |           1026 |
|  clk_IBUF_BUFG | montgomery_instance/a[1021]_i_2_n_0      | montgomery_instance/a[1021]_i_1__0_n_0    |              168 |           1052 |
|  clk_IBUF_BUFG | montgomery_instance/c[1026]_i_1_n_0      |                                           |              290 |           1053 |
|  clk_IBUF_BUFG | montgomery_instance/m[1023]_i_1_n_0      | montgomery_instance/SR[0]                 |              339 |           1524 |
|  clk_IBUF_BUFG | state[1]                                 | montgomery_instance/SR[0]                 |              332 |           2048 |
|  clk_IBUF_BUFG | montgomery_instance/adder/input_enable_0 | montgomery_instance/adder/input_enable    |              951 |           2055 |
+----------------+------------------------------------------+-------------------------------------------+------------------+----------------+


