Copyright 1986-2016 Xilinx, Inc. All Rights Reserved.
-------------------------------------------------------------------------------------------------------
| Tool Version : Vivado v.2016.2 (lin64) Build 1577090 Thu Jun  2 16:32:35 MDT 2016
| Date         : Wed Nov  7 16:45:00 2018
| Host         : pc-klas2-6.esat.kuleuven.be running 64-bit CentOS Linux release 7.5.1804 (Core)
| Command      : report_drc -file hweval_montgomery_drc_routed.rpt -pb hweval_montgomery_drc_routed.pb
| Design       : hweval_montgomery
| Device       : xc7z010clg400-1
| Speed File   : -1
-------------------------------------------------------------------------------------------------------

Report DRC

Table of Contents
-----------------
1. REPORT SUMMARY
2. REPORT DETAILS

1. REPORT SUMMARY
-----------------
            Netlist: netlist
          Floorplan: design_1
      Design limits: <entire design considered>
           Ruledeck: default
             Max violations: <unlimited>
             Violations found: 1

2. REPORT DETAILS
-----------------
ZPS7-1#1 Warning
PS7 block required  
The PS7 cell must be used in this Zynq design in order to enable correct default configuration.
Related violations: <none>


