
*** Running vivado
    with args -log hweval_adder.vdi -applog -m64 -tempDir /tmp -messageDb vivado.pb -mode batch -source hweval_adder.tcl -notrace


****** Vivado v2016.2 (64-bit)
  **** SW Build 1577090 on Thu Jun  2 16:32:35 MDT 2016
  **** IP Build 1577682 on Fri Jun  3 12:00:54 MDT 2016
    ** Copyright 1986-2016 Xilinx, Inc. All Rights Reserved.

source hweval_adder.tcl -notrace
Design is defaulting to srcset: sources_1
Design is defaulting to constrset: constrs_1
INFO: [Netlist 29-17] Analyzing 133 Unisim elements for replacement
INFO: [Netlist 29-28] Unisim Transformation completed in 0 CPU seconds
INFO: [Project 1-479] Netlist was created with Vivado 2016.2
INFO: [Device 21-403] Loading part xc7z010clg400-1
INFO: [Project 1-570] Preparing netlist for logic optimization
Sourcing Tcl File [/users/start2016/r0629332/Project-DDP/actual_project/hw_project/tcl/constraints.tcl]
Constraints for hw_evals
Finished Sourcing Tcl File [/users/start2016/r0629332/Project-DDP/actual_project/hw_project/tcl/constraints.tcl]
INFO: [Opt 31-138] Pushed 0 inverter(s) to 0 load pin(s).
INFO: [Project 1-111] Unisim Transformation Summary:
No Unisim elements were transformed.

INFO: [Vivado_Tcl 4-424] Cannot write hardware definition file as there are no IPI block design hardware handoff files present
Command: opt_design
Attempting to get a license for feature 'Implementation' and/or device 'xc7z010'
INFO: [Common 17-349] Got license for feature 'Implementation' and/or device 'xc7z010'
Running DRC as a precondition to command opt_design

Starting DRC Task
INFO: [DRC 23-27] Running DRC with 6 threads
INFO: [Project 1-461] DRC finished with 0 Errors
INFO: [Project 1-462] Please refer to the DRC report (report_drc) for more information.

Time (s): cpu = 00:00:00.12 ; elapsed = 00:00:00.17 . Memory (MB): peak = 1462.988 ; gain = 52.023 ; free physical = 10726 ; free virtual = 45593
INFO: [Timing 38-35] Done setting XDC timing constraints.

Starting Logic Optimization Task
Implement Debug Cores | Checksum: 1d2d7b4c4

Phase 1 Retarget
INFO: [Opt 31-138] Pushed 0 inverter(s) to 0 load pin(s).
INFO: [Opt 31-49] Retargeted 0 cell(s).
Phase 1 Retarget | Checksum: 1d2d7b4c4

Time (s): cpu = 00:00:00.14 ; elapsed = 00:00:00.15 . Memory (MB): peak = 1868.480 ; gain = 0.000 ; free physical = 10373 ; free virtual = 45254

Phase 2 Constant Propagation
INFO: [Opt 31-138] Pushed 0 inverter(s) to 0 load pin(s).
INFO: [Opt 31-10] Eliminated 0 cells.
Phase 2 Constant Propagation | Checksum: 1d2d7b4c4

Time (s): cpu = 00:00:00.23 ; elapsed = 00:00:00.23 . Memory (MB): peak = 1868.480 ; gain = 0.000 ; free physical = 10373 ; free virtual = 45254

Phase 3 Sweep
INFO: [Opt 31-12] Eliminated 387 unconnected nets.
INFO: [Opt 31-11] Eliminated 0 unconnected cells.
Phase 3 Sweep | Checksum: 1b013386c

Time (s): cpu = 00:00:00.45 ; elapsed = 00:00:00.45 . Memory (MB): peak = 1868.480 ; gain = 0.000 ; free physical = 10373 ; free virtual = 45254

Starting Connectivity Check Task

Time (s): cpu = 00:00:00 ; elapsed = 00:00:00 . Memory (MB): peak = 1868.480 ; gain = 0.000 ; free physical = 10373 ; free virtual = 45254
Ending Logic Optimization Task | Checksum: 1b013386c

Time (s): cpu = 00:00:00.46 ; elapsed = 00:00:00.46 . Memory (MB): peak = 1868.480 ; gain = 0.000 ; free physical = 10373 ; free virtual = 45254

Starting Power Optimization Task
INFO: [Pwropt 34-132] Skipping clock gating for clocks with a period < 2.00 ns.
Ending Power Optimization Task | Checksum: 1b013386c

Time (s): cpu = 00:00:00.01 ; elapsed = 00:00:00.02 . Memory (MB): peak = 1868.480 ; gain = 0.000 ; free physical = 10373 ; free virtual = 45254
INFO: [Common 17-83] Releasing license: Implementation
21 Infos, 0 Warnings, 0 Critical Warnings and 0 Errors encountered.
opt_design completed successfully
opt_design: Time (s): cpu = 00:00:06 ; elapsed = 00:00:06 . Memory (MB): peak = 1868.480 ; gain = 457.516 ; free physical = 10373 ; free virtual = 45254
Writing placer database...
Writing XDEF routing.
Writing XDEF routing logical nets.
Writing XDEF routing special nets.
Write XDEF Complete: Time (s): cpu = 00:00:00.03 ; elapsed = 00:00:00.01 . Memory (MB): peak = 1900.496 ; gain = 0.000 ; free physical = 10370 ; free virtual = 45252
INFO: [DRC 23-27] Running DRC with 6 threads
INFO: [Coretcl 2-168] The results of DRC are in file /users/start2016/r0629332/Project-DDP/actual_project/hw_project/project_hw/project_hw.runs/impl_1/hweval_adder_drc_opted.rpt.
INFO: [Chipscope 16-241] No debug cores found in the current design.
Before running the implement_debug_core command, either use the Set Up Debug wizard (GUI mode)
or use the create_debug_core and connect_debug_core Tcl commands to insert debug cores into the design.
Command: place_design
Attempting to get a license for feature 'Implementation' and/or device 'xc7z010'
INFO: [Common 17-349] Got license for feature 'Implementation' and/or device 'xc7z010'
INFO: [DRC 23-27] Running DRC with 6 threads
INFO: [Vivado_Tcl 4-198] DRC finished with 0 Errors
INFO: [Vivado_Tcl 4-199] Please refer to the DRC report (report_drc) for more information.
Running DRC as a precondition to command place_design
INFO: [DRC 23-27] Running DRC with 6 threads
INFO: [Vivado_Tcl 4-198] DRC finished with 0 Errors
INFO: [Vivado_Tcl 4-199] Please refer to the DRC report (report_drc) for more information.

Starting Placer Task
INFO: [Place 30-611] Multithreading enabled for place_design using a maximum of 6 CPUs

Phase 1 Placer Initialization
Netlist sorting complete. Time (s): cpu = 00:00:00.01 ; elapsed = 00:00:00 . Memory (MB): peak = 1916.504 ; gain = 0.000 ; free physical = 10368 ; free virtual = 45250
Netlist sorting complete. Time (s): cpu = 00:00:00 ; elapsed = 00:00:00 . Memory (MB): peak = 1916.504 ; gain = 0.000 ; free physical = 10368 ; free virtual = 45250

Phase 1.1 IO Placement/ Clock Placement/ Build Placer Device

Phase 1.1.1 ParallelPlaceIOClockAndInitTop

Phase 1.1.1.1 Pre-Place Cells
Phase 1.1.1.1 Pre-Place Cells | Checksum: 69bfb18b

Time (s): cpu = 00:00:00.03 ; elapsed = 00:00:00.06 . Memory (MB): peak = 1916.504 ; gain = 0.000 ; free physical = 10368 ; free virtual = 45250

Phase 1.1.1.2 Constructing HAPIClkRuleMgr
Phase 1.1.1.2 Constructing HAPIClkRuleMgr | Checksum: 69bfb18b

Time (s): cpu = 00:00:00.09 ; elapsed = 00:00:00.14 . Memory (MB): peak = 1916.504 ; gain = 0.000 ; free physical = 10368 ; free virtual = 45250

Phase 1.1.1.3 IOBufferPlacementChecker

Phase 1.1.1.4 IOLockPlacementChecker
Phase 1.1.1.4 IOLockPlacementChecker | Checksum: 69bfb18b

Time (s): cpu = 00:00:00.66 ; elapsed = 00:00:00.32 . Memory (MB): peak = 1916.504 ; gain = 0.000 ; free physical = 10367 ; free virtual = 45250

Phase 1.1.1.5 DSPChecker
Phase 1.1.1.5 DSPChecker | Checksum: 69bfb18b

Time (s): cpu = 00:00:00.67 ; elapsed = 00:00:00.32 . Memory (MB): peak = 1916.504 ; gain = 0.000 ; free physical = 10367 ; free virtual = 45250

Phase 1.1.1.6 DisallowedInsts
Phase 1.1.1.6 DisallowedInsts | Checksum: 69bfb18b

Time (s): cpu = 00:00:00.67 ; elapsed = 00:00:00.32 . Memory (MB): peak = 1916.504 ; gain = 0.000 ; free physical = 10367 ; free virtual = 45250

Phase 1.1.1.7 DanglingIBUFDSChecker
Phase 1.1.1.3 IOBufferPlacementChecker | Checksum: 69bfb18b

Time (s): cpu = 00:00:00.67 ; elapsed = 00:00:00.32 . Memory (MB): peak = 1916.504 ; gain = 0.000 ; free physical = 10367 ; free virtual = 45250

Phase 1.1.1.8 GTChecker
Phase 1.1.1.7 DanglingIBUFDSChecker | Checksum: 69bfb18b

Time (s): cpu = 00:00:00.68 ; elapsed = 00:00:00.32 . Memory (MB): peak = 1916.504 ; gain = 0.000 ; free physical = 10367 ; free virtual = 45250

Phase 1.1.1.9 ShapesExcludeCompatibilityChecker
Phase 1.1.1.8 GTChecker | Checksum: 69bfb18b

Time (s): cpu = 00:00:00.68 ; elapsed = 00:00:00.32 . Memory (MB): peak = 1916.504 ; gain = 0.000 ; free physical = 10367 ; free virtual = 45250
Phase 1.1.1.9 ShapesExcludeCompatibilityChecker | Checksum: 69bfb18b

Phase 1.1.1.10 CheckerForUnsupportedConstraints

Time (s): cpu = 00:00:00.68 ; elapsed = 00:00:00.32 . Memory (MB): peak = 1916.504 ; gain = 0.000 ; free physical = 10367 ; free virtual = 45250

Phase 1.1.1.11 HdioRelatedChecker
Phase 1.1.1.11 HdioRelatedChecker | Checksum: 69bfb18b

Time (s): cpu = 00:00:00.69 ; elapsed = 00:00:00.32 . Memory (MB): peak = 1916.504 ; gain = 0.000 ; free physical = 10367 ; free virtual = 45250
Phase 1.1.1.10 CheckerForUnsupportedConstraints | Checksum: 69bfb18b

Time (s): cpu = 00:00:00.69 ; elapsed = 00:00:00.32 . Memory (MB): peak = 1916.504 ; gain = 0.000 ; free physical = 10367 ; free virtual = 45250

Phase 1.1.1.12 CascadeElementConstraintsChecker
Phase 1.1.1.12 CascadeElementConstraintsChecker | Checksum: 69bfb18b

Time (s): cpu = 00:00:00.69 ; elapsed = 00:00:00.32 . Memory (MB): peak = 1916.504 ; gain = 0.000 ; free physical = 10367 ; free virtual = 45250

Phase 1.1.1.13 OverlappingPBlocksChecker
Phase 1.1.1.13 OverlappingPBlocksChecker | Checksum: 69bfb18b

Time (s): cpu = 00:00:00.69 ; elapsed = 00:00:00.32 . Memory (MB): peak = 1916.504 ; gain = 0.000 ; free physical = 10367 ; free virtual = 45250

Phase 1.1.1.14 ShapePlacementValidityChecker
Phase 1.1.1.14 ShapePlacementValidityChecker | Checksum: 69bfb18b

Time (s): cpu = 00:00:01 ; elapsed = 00:00:00.54 . Memory (MB): peak = 1916.504 ; gain = 0.000 ; free physical = 10367 ; free virtual = 45250
INFO: [Timing 38-35] Done setting XDC timing constraints.

Phase 1.1.1.15 IO and Clk Clean Up

Phase 1.1.1.15.1 Constructing HAPIClkRuleMgr
Phase 1.1.1.15.1 Constructing HAPIClkRuleMgr | Checksum: 69bfb18b

Time (s): cpu = 00:00:01 ; elapsed = 00:00:00.71 . Memory (MB): peak = 1916.504 ; gain = 0.000 ; free physical = 10366 ; free virtual = 45248
Phase 1.1.1.15 IO and Clk Clean Up | Checksum: 69bfb18b

Time (s): cpu = 00:00:01 ; elapsed = 00:00:00.72 . Memory (MB): peak = 1916.504 ; gain = 0.000 ; free physical = 10366 ; free virtual = 45248

Phase 1.1.1.16 Implementation Feasibility check On IDelay
Phase 1.1.1.16 Implementation Feasibility check On IDelay | Checksum: 69bfb18b

Time (s): cpu = 00:00:01 ; elapsed = 00:00:00.74 . Memory (MB): peak = 1916.504 ; gain = 0.000 ; free physical = 10366 ; free virtual = 45248

Phase 1.1.1.17 Commit IO Placement
Phase 1.1.1.17 Commit IO Placement | Checksum: f661f90d

Time (s): cpu = 00:00:01 ; elapsed = 00:00:00.74 . Memory (MB): peak = 1916.504 ; gain = 0.000 ; free physical = 10366 ; free virtual = 45248
Phase 1.1.1 ParallelPlaceIOClockAndInitTop | Checksum: f661f90d

Time (s): cpu = 00:00:01 ; elapsed = 00:00:00.74 . Memory (MB): peak = 1916.504 ; gain = 0.000 ; free physical = 10366 ; free virtual = 45248
Phase 1.1 IO Placement/ Clock Placement/ Build Placer Device | Checksum: 197da2a9f

Time (s): cpu = 00:00:01 ; elapsed = 00:00:00.74 . Memory (MB): peak = 1916.504 ; gain = 0.000 ; free physical = 10366 ; free virtual = 45248

Phase 1.2 Build Placer Netlist Model

Phase 1.2.1 Place Init Design

Phase 1.2.1.1 Make Others
Phase 1.2.1.1 Make Others | Checksum: 288abb5dd

Time (s): cpu = 00:00:01 ; elapsed = 00:00:00.82 . Memory (MB): peak = 1916.504 ; gain = 0.000 ; free physical = 10365 ; free virtual = 45247

Phase 1.2.1.2 Init Lut Pin Assignment
Phase 1.2.1.2 Init Lut Pin Assignment | Checksum: 288abb5dd

Time (s): cpu = 00:00:02 ; elapsed = 00:00:00.84 . Memory (MB): peak = 1916.504 ; gain = 0.000 ; free physical = 10361 ; free virtual = 45243
Phase 1.2.1 Place Init Design | Checksum: 27375abde

Time (s): cpu = 00:00:03 ; elapsed = 00:00:01 . Memory (MB): peak = 1937.523 ; gain = 21.020 ; free physical = 10341 ; free virtual = 45223
Phase 1.2 Build Placer Netlist Model | Checksum: 27375abde

Time (s): cpu = 00:00:03 ; elapsed = 00:00:01 . Memory (MB): peak = 1937.523 ; gain = 21.020 ; free physical = 10341 ; free virtual = 45223

Phase 1.3 Constrain Clocks/Macros
Phase 1.3 Constrain Clocks/Macros | Checksum: 27375abde

Time (s): cpu = 00:00:03 ; elapsed = 00:00:01 . Memory (MB): peak = 1937.523 ; gain = 21.020 ; free physical = 10341 ; free virtual = 45223
Phase 1 Placer Initialization | Checksum: 27375abde

Time (s): cpu = 00:00:03 ; elapsed = 00:00:01 . Memory (MB): peak = 1937.523 ; gain = 21.020 ; free physical = 10341 ; free virtual = 45223

Phase 2 Global Placement
Phase 2 Global Placement | Checksum: 20baeaa59

Time (s): cpu = 00:00:08 ; elapsed = 00:00:03 . Memory (MB): peak = 1977.543 ; gain = 61.039 ; free physical = 10332 ; free virtual = 45213

Phase 3 Detail Placement

Phase 3.1 Commit Multi Column Macros
Phase 3.1 Commit Multi Column Macros | Checksum: 20baeaa59

Time (s): cpu = 00:00:08 ; elapsed = 00:00:03 . Memory (MB): peak = 1977.543 ; gain = 61.039 ; free physical = 10332 ; free virtual = 45213

Phase 3.2 Commit Most Macros & LUTRAMs
Phase 3.2 Commit Most Macros & LUTRAMs | Checksum: 1fbc81272

Time (s): cpu = 00:00:10 ; elapsed = 00:00:04 . Memory (MB): peak = 1977.543 ; gain = 61.039 ; free physical = 10333 ; free virtual = 45215

Phase 3.3 Area Swap Optimization
Phase 3.3 Area Swap Optimization | Checksum: 1ff6c240f

Time (s): cpu = 00:00:10 ; elapsed = 00:00:04 . Memory (MB): peak = 1977.543 ; gain = 61.039 ; free physical = 10333 ; free virtual = 45215

Phase 3.4 updateClock Trees: DP
Phase 3.4 updateClock Trees: DP | Checksum: 1ff6c240f

Time (s): cpu = 00:00:10 ; elapsed = 00:00:04 . Memory (MB): peak = 1977.543 ; gain = 61.039 ; free physical = 10333 ; free virtual = 45215

Phase 3.5 Timing Path Optimizer
Phase 3.5 Timing Path Optimizer | Checksum: 1c10f3c17

Time (s): cpu = 00:00:10 ; elapsed = 00:00:04 . Memory (MB): peak = 1977.543 ; gain = 61.039 ; free physical = 10334 ; free virtual = 45215

Phase 3.6 Fast Optimization
Phase 3.6 Fast Optimization | Checksum: 255da08f9

Time (s): cpu = 00:00:10 ; elapsed = 00:00:04 . Memory (MB): peak = 1977.543 ; gain = 61.039 ; free physical = 10333 ; free virtual = 45214

Phase 3.7 Small Shape Detail Placement
Phase 3.7 Small Shape Detail Placement | Checksum: 1313cb0de

Time (s): cpu = 00:00:12 ; elapsed = 00:00:05 . Memory (MB): peak = 1977.543 ; gain = 61.039 ; free physical = 10332 ; free virtual = 45214

Phase 3.8 Re-assign LUT pins
Phase 3.8 Re-assign LUT pins | Checksum: 1a0178a23

Time (s): cpu = 00:00:12 ; elapsed = 00:00:05 . Memory (MB): peak = 1977.543 ; gain = 61.039 ; free physical = 10332 ; free virtual = 45214

Phase 3.9 Pipeline Register Optimization
Phase 3.9 Pipeline Register Optimization | Checksum: 1a0178a23

Time (s): cpu = 00:00:12 ; elapsed = 00:00:05 . Memory (MB): peak = 1977.543 ; gain = 61.039 ; free physical = 10332 ; free virtual = 45214

Phase 3.10 Fast Optimization
Phase 3.10 Fast Optimization | Checksum: 1a0178a23

Time (s): cpu = 00:00:12 ; elapsed = 00:00:06 . Memory (MB): peak = 1977.543 ; gain = 61.039 ; free physical = 10332 ; free virtual = 45214
Phase 3 Detail Placement | Checksum: 1a0178a23

Time (s): cpu = 00:00:12 ; elapsed = 00:00:06 . Memory (MB): peak = 1977.543 ; gain = 61.039 ; free physical = 10332 ; free virtual = 45214

Phase 4 Post Placement Optimization and Clean-Up

Phase 4.1 Post Commit Optimization
INFO: [Timing 38-35] Done setting XDC timing constraints.

Phase 4.1.1 updateClock Trees: PCOPT
Phase 4.1.1 updateClock Trees: PCOPT | Checksum: 24fcca0c1

Time (s): cpu = 00:00:14 ; elapsed = 00:00:06 . Memory (MB): peak = 1977.543 ; gain = 61.039 ; free physical = 10331 ; free virtual = 45212

Phase 4.1.2 Post Placement Optimization
INFO: [Place 30-746] Post Placement Timing Summary WNS=0.356. For the most accurate timing information please run report_timing.
Phase 4.1.2 Post Placement Optimization | Checksum: 162b36974

Time (s): cpu = 00:00:20 ; elapsed = 00:00:13 . Memory (MB): peak = 1977.543 ; gain = 61.039 ; free physical = 10330 ; free virtual = 45212
Phase 4.1 Post Commit Optimization | Checksum: 162b36974

Time (s): cpu = 00:00:20 ; elapsed = 00:00:13 . Memory (MB): peak = 1977.543 ; gain = 61.039 ; free physical = 10330 ; free virtual = 45212

Phase 4.2 Sweep Clock Roots: Post-Placement
Phase 4.2 Sweep Clock Roots: Post-Placement | Checksum: 162b36974

Time (s): cpu = 00:00:20 ; elapsed = 00:00:13 . Memory (MB): peak = 1977.543 ; gain = 61.039 ; free physical = 10330 ; free virtual = 45212

Phase 4.3 Uram Pipeline Register Optimization
Phase 4.3 Uram Pipeline Register Optimization | Checksum: 162b36974

Time (s): cpu = 00:00:20 ; elapsed = 00:00:13 . Memory (MB): peak = 1977.543 ; gain = 61.039 ; free physical = 10330 ; free virtual = 45212

Phase 4.4 Post Placement Cleanup
Phase 4.4 Post Placement Cleanup | Checksum: 162b36974

Time (s): cpu = 00:00:20 ; elapsed = 00:00:13 . Memory (MB): peak = 1977.543 ; gain = 61.039 ; free physical = 10330 ; free virtual = 45212

Phase 4.5 Placer Reporting
Phase 4.5 Placer Reporting | Checksum: 162b36974

Time (s): cpu = 00:00:20 ; elapsed = 00:00:13 . Memory (MB): peak = 1977.543 ; gain = 61.039 ; free physical = 10330 ; free virtual = 45212

Phase 4.6 Final Placement Cleanup
Phase 4.6 Final Placement Cleanup | Checksum: fb6a6780

Time (s): cpu = 00:00:20 ; elapsed = 00:00:13 . Memory (MB): peak = 1977.543 ; gain = 61.039 ; free physical = 10330 ; free virtual = 45212
Phase 4 Post Placement Optimization and Clean-Up | Checksum: fb6a6780

Time (s): cpu = 00:00:21 ; elapsed = 00:00:13 . Memory (MB): peak = 1977.543 ; gain = 61.039 ; free physical = 10330 ; free virtual = 45212
Ending Placer Task | Checksum: cea510d5

Time (s): cpu = 00:00:21 ; elapsed = 00:00:13 . Memory (MB): peak = 1977.543 ; gain = 61.039 ; free physical = 10330 ; free virtual = 45212
INFO: [Common 17-83] Releasing license: Implementation
36 Infos, 0 Warnings, 0 Critical Warnings and 0 Errors encountered.
place_design completed successfully
place_design: Time (s): cpu = 00:00:21 ; elapsed = 00:00:14 . Memory (MB): peak = 1977.543 ; gain = 61.039 ; free physical = 10330 ; free virtual = 45212
Writing placer database...
Writing XDEF routing.
Writing XDEF routing logical nets.
Writing XDEF routing special nets.
Write XDEF Complete: Time (s): cpu = 00:00:00.52 ; elapsed = 00:00:00.19 . Memory (MB): peak = 1977.543 ; gain = 0.000 ; free physical = 10325 ; free virtual = 45213
report_io: Time (s): cpu = 00:00:00.06 ; elapsed = 00:00:00.12 . Memory (MB): peak = 1977.543 ; gain = 0.000 ; free physical = 10323 ; free virtual = 45206
report_utilization: Time (s): cpu = 00:00:00.06 ; elapsed = 00:00:00.08 . Memory (MB): peak = 1977.543 ; gain = 0.000 ; free physical = 10323 ; free virtual = 45206
report_control_sets: Time (s): cpu = 00:00:00.02 ; elapsed = 00:00:00.05 . Memory (MB): peak = 1977.543 ; gain = 0.000 ; free physical = 10323 ; free virtual = 45206
Command: route_design
Attempting to get a license for feature 'Implementation' and/or device 'xc7z010'
INFO: [Common 17-349] Got license for feature 'Implementation' and/or device 'xc7z010'
Running DRC as a precondition to command route_design
INFO: [DRC 23-27] Running DRC with 6 threads
INFO: [Vivado_Tcl 4-198] DRC finished with 0 Errors
INFO: [Vivado_Tcl 4-199] Please refer to the DRC report (report_drc) for more information.


Starting Routing Task
INFO: [Route 35-254] Multithreading enabled for route_design using a maximum of 6 CPUs
Checksum: PlaceDB: 9475e137 ConstDB: 0 ShapeSum: 3a2f2f9e RouteDB: 0

Phase 1 Build RT Design
Phase 1 Build RT Design | Checksum: 19a4f9846

Time (s): cpu = 00:00:06 ; elapsed = 00:00:05 . Memory (MB): peak = 1992.523 ; gain = 14.980 ; free physical = 10267 ; free virtual = 45150

Phase 2 Router Initialization

Phase 2.1 Create Timer
Phase 2.1 Create Timer | Checksum: 19a4f9846

Time (s): cpu = 00:00:06 ; elapsed = 00:00:05 . Memory (MB): peak = 1992.523 ; gain = 14.980 ; free physical = 10267 ; free virtual = 45150

Phase 2.2 Fix Topology Constraints
Phase 2.2 Fix Topology Constraints | Checksum: 19a4f9846

Time (s): cpu = 00:00:07 ; elapsed = 00:00:05 . Memory (MB): peak = 1992.523 ; gain = 14.980 ; free physical = 10248 ; free virtual = 45131

Phase 2.3 Pre Route Cleanup
Phase 2.3 Pre Route Cleanup | Checksum: 19a4f9846

Time (s): cpu = 00:00:07 ; elapsed = 00:00:05 . Memory (MB): peak = 1992.523 ; gain = 14.980 ; free physical = 10248 ; free virtual = 45131
 Number of Nodes with overlaps = 0

Phase 2.4 Update Timing
Phase 2.4 Update Timing | Checksum: 157b7b0af

Time (s): cpu = 00:00:08 ; elapsed = 00:00:06 . Memory (MB): peak = 1999.520 ; gain = 21.977 ; free physical = 10234 ; free virtual = 45117
INFO: [Route 35-416] Intermediate Timing Summary | WNS=0.354  | TNS=0.000  | WHS=-0.156 | THS=-103.127|

Phase 2 Router Initialization | Checksum: 13956b4c9

Time (s): cpu = 00:00:09 ; elapsed = 00:00:06 . Memory (MB): peak = 1999.520 ; gain = 21.977 ; free physical = 10233 ; free virtual = 45116

Phase 3 Initial Routing
Phase 3 Initial Routing | Checksum: 199d83f50

Time (s): cpu = 00:00:10 ; elapsed = 00:00:06 . Memory (MB): peak = 1999.520 ; gain = 21.977 ; free physical = 10205 ; free virtual = 45088

Phase 4 Rip-up And Reroute

Phase 4.1 Global Iteration 0
 Number of Nodes with overlaps = 453
 Number of Nodes with overlaps = 0

Phase 4.1.1 Update Timing
Phase 4.1.1 Update Timing | Checksum: 1b15d40be

Time (s): cpu = 00:00:14 ; elapsed = 00:00:07 . Memory (MB): peak = 1999.520 ; gain = 21.977 ; free physical = 10204 ; free virtual = 45087
INFO: [Route 35-416] Intermediate Timing Summary | WNS=0.082  | TNS=0.000  | WHS=N/A    | THS=N/A    |

Phase 4.1 Global Iteration 0 | Checksum: 136048d99

Time (s): cpu = 00:00:14 ; elapsed = 00:00:07 . Memory (MB): peak = 1999.520 ; gain = 21.977 ; free physical = 10204 ; free virtual = 45087

Phase 4.2 Global Iteration 1
 Number of Nodes with overlaps = 12
 Number of Nodes with overlaps = 1
 Number of Nodes with overlaps = 1
 Number of Nodes with overlaps = 0

Phase 4.2.1 Update Timing
Phase 4.2.1 Update Timing | Checksum: 18c54f8fa

Time (s): cpu = 00:00:15 ; elapsed = 00:00:07 . Memory (MB): peak = 1999.520 ; gain = 21.977 ; free physical = 10204 ; free virtual = 45087
INFO: [Route 35-416] Intermediate Timing Summary | WNS=0.088  | TNS=0.000  | WHS=N/A    | THS=N/A    |

Phase 4.2 Global Iteration 1 | Checksum: 144791bb7

Time (s): cpu = 00:00:16 ; elapsed = 00:00:07 . Memory (MB): peak = 1999.520 ; gain = 21.977 ; free physical = 10204 ; free virtual = 45087
Phase 4 Rip-up And Reroute | Checksum: 144791bb7

Time (s): cpu = 00:00:16 ; elapsed = 00:00:07 . Memory (MB): peak = 1999.520 ; gain = 21.977 ; free physical = 10204 ; free virtual = 45087

Phase 5 Delay and Skew Optimization

Phase 5.1 Delay CleanUp

Phase 5.1.1 Update Timing
Phase 5.1.1 Update Timing | Checksum: 1ba145fd5

Time (s): cpu = 00:00:16 ; elapsed = 00:00:08 . Memory (MB): peak = 1999.520 ; gain = 21.977 ; free physical = 10204 ; free virtual = 45087
INFO: [Route 35-416] Intermediate Timing Summary | WNS=0.102  | TNS=0.000  | WHS=N/A    | THS=N/A    |

Phase 5.1 Delay CleanUp | Checksum: 1ba145fd5

Time (s): cpu = 00:00:16 ; elapsed = 00:00:08 . Memory (MB): peak = 1999.520 ; gain = 21.977 ; free physical = 10204 ; free virtual = 45087

Phase 5.2 Clock Skew Optimization
Phase 5.2 Clock Skew Optimization | Checksum: 1ba145fd5

Time (s): cpu = 00:00:16 ; elapsed = 00:00:08 . Memory (MB): peak = 1999.520 ; gain = 21.977 ; free physical = 10204 ; free virtual = 45087
Phase 5 Delay and Skew Optimization | Checksum: 1ba145fd5

Time (s): cpu = 00:00:16 ; elapsed = 00:00:08 . Memory (MB): peak = 1999.520 ; gain = 21.977 ; free physical = 10204 ; free virtual = 45087

Phase 6 Post Hold Fix

Phase 6.1 Hold Fix Iter

Phase 6.1.1 Update Timing
Phase 6.1.1 Update Timing | Checksum: 1a9b57458

Time (s): cpu = 00:00:16 ; elapsed = 00:00:08 . Memory (MB): peak = 1999.520 ; gain = 21.977 ; free physical = 10204 ; free virtual = 45087
INFO: [Route 35-416] Intermediate Timing Summary | WNS=0.102  | TNS=0.000  | WHS=0.008  | THS=0.000  |

Phase 6.1 Hold Fix Iter | Checksum: 123f5427b

Time (s): cpu = 00:00:16 ; elapsed = 00:00:08 . Memory (MB): peak = 1999.520 ; gain = 21.977 ; free physical = 10204 ; free virtual = 45087
Phase 6 Post Hold Fix | Checksum: 123f5427b

Time (s): cpu = 00:00:16 ; elapsed = 00:00:08 . Memory (MB): peak = 1999.520 ; gain = 21.977 ; free physical = 10204 ; free virtual = 45087

Phase 7 Route finalize

Router Utilization Summary
  Global Vertical Routing Utilization    = 2.24845 %
  Global Horizontal Routing Utilization  = 2.84835 %
  Routable Net Status*
  *Does not include unroutable nets such as driverless and loadless.
  Run report_route_status for detailed report.
  Number of Failed Nets               = 0
  Number of Unrouted Nets             = 0
  Number of Partially Routed Nets     = 0
  Number of Node Overlaps             = 0

Phase 7 Route finalize | Checksum: ffe49fb9

Time (s): cpu = 00:00:16 ; elapsed = 00:00:08 . Memory (MB): peak = 1999.520 ; gain = 21.977 ; free physical = 10204 ; free virtual = 45087

Phase 8 Verifying routed nets

 Verification completed successfully
Phase 8 Verifying routed nets | Checksum: ffe49fb9

Time (s): cpu = 00:00:16 ; elapsed = 00:00:08 . Memory (MB): peak = 1999.520 ; gain = 21.977 ; free physical = 10204 ; free virtual = 45087

Phase 9 Depositing Routes
Phase 9 Depositing Routes | Checksum: 5d732a6a

Time (s): cpu = 00:00:17 ; elapsed = 00:00:08 . Memory (MB): peak = 1999.520 ; gain = 21.977 ; free physical = 10204 ; free virtual = 45087

Phase 10 Post Router Timing
INFO: [Route 35-57] Estimated Timing Summary | WNS=0.102  | TNS=0.000  | WHS=0.008  | THS=0.000  |

INFO: [Route 35-327] The final timing numbers are based on the router estimated timing analysis. For a complete and accurate timing signoff, please run report_timing_summary.
Phase 10 Post Router Timing | Checksum: 5d732a6a

Time (s): cpu = 00:00:17 ; elapsed = 00:00:08 . Memory (MB): peak = 1999.520 ; gain = 21.977 ; free physical = 10204 ; free virtual = 45087
INFO: [Route 35-16] Router Completed Successfully

Time (s): cpu = 00:00:17 ; elapsed = 00:00:08 . Memory (MB): peak = 1999.520 ; gain = 21.977 ; free physical = 10204 ; free virtual = 45087

Routing Is Done.
INFO: [Common 17-83] Releasing license: Implementation
50 Infos, 0 Warnings, 0 Critical Warnings and 0 Errors encountered.
route_design completed successfully
route_design: Time (s): cpu = 00:00:17 ; elapsed = 00:00:08 . Memory (MB): peak = 1999.520 ; gain = 21.977 ; free physical = 10204 ; free virtual = 45087
Writing placer database...
Writing XDEF routing.
Writing XDEF routing logical nets.
Writing XDEF routing special nets.
Write XDEF Complete: Time (s): cpu = 00:00:00.55 ; elapsed = 00:00:00.21 . Memory (MB): peak = 2028.520 ; gain = 0.000 ; free physical = 10197 ; free virtual = 45087
INFO: [DRC 23-27] Running DRC with 6 threads
INFO: [Coretcl 2-168] The results of DRC are in file /users/start2016/r0629332/Project-DDP/actual_project/hw_project/project_hw/project_hw.runs/impl_1/hweval_adder_drc_routed.rpt.
INFO: [Timing 38-91] UpdateTimingParams: Speed grade: -1, Delay Type: min_max.
INFO: [Timing 38-191] Multithreading enabled for timing update using a maximum of 6 CPUs
Running Vector-less Activity Propagation...

Finished Running Vector-less Activity Propagation
INFO: [Common 17-206] Exiting Vivado at Wed Nov  7 11:21:44 2018...
